2026-01-30T09:36:22.209+03:00  INFO 17892 --- [VacationCalculator] [main] r.g.V.c.CalcControllerWithMockTest       : Starting CalcControllerWithMockTest using Java 17.0.11 with PID 17892 (started by Алексей in D:\NEW_JAVA\VacationCalculator)
2026-01-30T09:36:22.222+03:00  INFO 17892 --- [VacationCalculator] [main] r.g.V.c.CalcControllerWithMockTest       : No active profile set, falling back to 1 default profile: "default"
2026-01-30T09:36:23.943+03:00  INFO 17892 --- [VacationCalculator] [main] o.s.v.b.OptionalValidatorFactoryBean     : Failed to set up a Bean Validation provider: jakarta.validation.NoProviderFoundException: Unable to create a Configuration, because no Jakarta Validation provider could be found. Add a provider like Hibernate Validator (RI) to your classpath.
2026-01-30T09:36:24.586+03:00  INFO 17892 --- [VacationCalculator] [main] o.s.b.t.m.w.SpringBootMockServletContext : Initializing Spring TestDispatcherServlet ''
2026-01-30T09:36:24.587+03:00  INFO 17892 --- [VacationCalculator] [main] o.s.t.web.servlet.TestDispatcherServlet  : Initializing Servlet ''
2026-01-30T09:36:24.592+03:00  INFO 17892 --- [VacationCalculator] [main] o.s.t.web.servlet.TestDispatcherServlet  : Completed initialization in 4 ms
2026-01-30T09:36:24.656+03:00  INFO 17892 --- [VacationCalculator] [main] r.g.V.c.CalcControllerWithMockTest       : Started CalcControllerWithMockTest in 3.429 seconds (process running for 6.729)
2026-01-30T09:36:26.138+03:00  INFO 17892 --- [VacationCalculator] [main] r.g.V.controllers.CalculatorController   : Controller level: method calcVacationAmount - is start!
2026-01-30T09:36:26.143+03:00  INFO 17892 --- [VacationCalculator] [main] r.g.V.service.CalcAmountService          : Service level: method calcVacAmount is start
2026-01-30T09:36:26.144+03:00  INFO 17892 --- [VacationCalculator] [main] r.g.V.service.CalcAmountService          : Service level: method calcVacAmount - calculation with three parameters finished!
2026-01-30T09:36:26.147+03:00  INFO 17892 --- [VacationCalculator] [main] r.g.V.controllers.CalculatorController   : Controller level: method calcVacationAmount answer - ResponseDto[vacAmount=20784.93]
2026-01-30T09:36:26.491+03:00  WARN 17892 --- [VacationCalculator] [main] .w.s.m.s.DefaultHandlerExceptionResolver : Resolved [org.springframework.web.bind.MissingServletRequestParameterException: Required request parameter 'avgAmount' for method parameter type BigDecimal is not present]
2026-01-30T09:36:26.516+03:00  INFO 17892 --- [VacationCalculator] [main] r.g.V.controllers.CalculatorController   : Controller level: method calcVacationAmount - is start!
2026-01-30T09:36:26.517+03:00  INFO 17892 --- [VacationCalculator] [main] r.g.V.service.CalcAmountService          : Service level: method calcVacAmount is start
2026-01-30T09:36:26.517+03:00  INFO 17892 --- [VacationCalculator] [main] r.g.V.service.CalcAmountService          : Service level: method calcVacAmount - calculation with two parameters finished!
2026-01-30T09:36:26.517+03:00  INFO 17892 --- [VacationCalculator] [main] r.g.V.controllers.CalculatorController   : Controller level: method calcVacationAmount answer - ResponseDto[vacAmount=20784.93]
2026-01-30T09:36:26.665+03:00  INFO 17892 --- [VacationCalculator] [main] r.g.V.service.CalcAmountService          : Service level: method calcVacAmount is start
2026-01-30T09:36:26.665+03:00  INFO 17892 --- [VacationCalculator] [main] r.g.V.service.CalcAmountService          : Service level: method calcVacAmount - calculation with two parameters finished!
2026-01-30T09:36:26.801+03:00  INFO 17892 --- [VacationCalculator] [main] r.g.V.service.CalcAmountService          : Service level: method calcVacAmount is start
2026-01-30T09:36:26.802+03:00  INFO 17892 --- [VacationCalculator] [main] r.g.V.service.CalcAmountService          : Service level: method calcVacAmount - calculation with two parameters finished!
2026-01-30T09:36:26.807+03:00  INFO 17892 --- [VacationCalculator] [main] r.g.V.service.CalcAmountService          : Service level: method calcVacAmount is start
2026-01-30T09:36:26.809+03:00  INFO 17892 --- [VacationCalculator] [main] r.g.V.service.CalcAmountService          : Service level: method calcVacAmount - calculation with two parameters finished!
2026-01-30T09:36:26.815+03:00  INFO 17892 --- [VacationCalculator] [main] r.g.V.service.CalcAmountService          : Service level: method calcVacAmount is start
2026-01-30T09:36:26.815+03:00  INFO 17892 --- [VacationCalculator] [main] r.g.V.service.CalcAmountService          : Service level: method calcVacAmount - calculation with two parameters finished!
2026-01-30T09:36:26.821+03:00  INFO 17892 --- [VacationCalculator] [main] r.g.V.service.CalcAmountService          : Service level: method calcVacAmount is start
2026-01-30T09:36:26.822+03:00  INFO 17892 --- [VacationCalculator] [main] r.g.V.service.CalcAmountService          : Service level: method calcVacAmount - calculation with two parameters finished!
2026-01-30T09:36:26.827+03:00  INFO 17892 --- [VacationCalculator] [main] r.g.V.service.CalcAmountService          : Service level: method calcVacAmount is start
2026-01-30T09:36:26.827+03:00  INFO 17892 --- [VacationCalculator] [main] r.g.V.service.CalcAmountService          : Service level: method calcVacAmount - calculation with two parameters finished!
2026-01-30T09:36:26.832+03:00  INFO 17892 --- [VacationCalculator] [main] r.g.V.service.CalcAmountService          : Service level: method calcVacAmount is start
2026-01-30T09:36:26.834+03:00  INFO 17892 --- [VacationCalculator] [main] r.g.V.service.CalcAmountService          : Service level: method calcVacAmount - calculation with two parameters finished!
2026-01-30T09:36:26.844+03:00  INFO 17892 --- [VacationCalculator] [main] r.g.V.service.CalcAmountService          : Service level: method calcVacAmount is start
2026-01-30T09:36:26.845+03:00  INFO 17892 --- [VacationCalculator] [main] r.g.V.service.CalcAmountService          : Service level: method calcVacAmount - calculation with three parameters finished!
2026-01-30T09:36:26.852+03:00  INFO 17892 --- [VacationCalculator] [main] r.g.V.service.CalcAmountService          : Service level: method calcVacAmount is start
2026-01-30T09:36:26.852+03:00  INFO 17892 --- [VacationCalculator] [main] r.g.V.service.CalcAmountService          : Service level: method calcVacAmount - calculation with three parameters finished!
2026-01-30T09:36:26.857+03:00  INFO 17892 --- [VacationCalculator] [main] r.g.V.service.CalcAmountService          : Service level: method calcVacAmount is start
2026-01-30T09:36:26.858+03:00  INFO 17892 --- [VacationCalculator] [main] r.g.V.service.CalcAmountService          : Service level: method calcVacAmount - calculation with three parameters finished!
2026-01-30T09:36:26.865+03:00  INFO 17892 --- [VacationCalculator] [main] r.g.V.service.CalcAmountService          : Service level: method calcVacAmount is start
2026-01-30T09:36:26.866+03:00  INFO 17892 --- [VacationCalculator] [main] r.g.V.service.CalcAmountService          : Service level: method calcVacAmount - calculation with three parameters finished!
2026-01-30T09:36:26.871+03:00  INFO 17892 --- [VacationCalculator] [main] r.g.V.service.CalcAmountService          : Service level: method calcVacAmount is start
2026-01-30T09:36:26.871+03:00  INFO 17892 --- [VacationCalculator] [main] r.g.V.service.CalcAmountService          : Service level: method calcVacAmount - calculation with three parameters finished!
2026-01-30T09:36:26.876+03:00  INFO 17892 --- [VacationCalculator] [main] r.g.V.service.CalcAmountService          : Service level: method calcVacAmount is start
2026-01-30T09:36:26.877+03:00  INFO 17892 --- [VacationCalculator] [main] r.g.V.service.CalcAmountService          : Service level: method calcVacAmount - calculation with three parameters finished!
2026-01-30T09:36:26.881+03:00  INFO 17892 --- [VacationCalculator] [main] r.g.V.service.CalcAmountService          : Service level: method calcVacAmount is start
2026-01-30T09:36:26.881+03:00  INFO 17892 --- [VacationCalculator] [main] r.g.V.service.CalcAmountService          : Service level: method calcVacAmount - calculation with three parameters finished!
2026-01-30T09:36:26.887+03:00  INFO 17892 --- [VacationCalculator] [main] r.g.V.service.CalcAmountService          : Service level: method calcVacAmount is start
2026-01-30T09:36:26.887+03:00  INFO 17892 --- [VacationCalculator] [main] r.g.V.service.CalcAmountService          : Service level: method calcVacAmount - calculation with three parameters finished!
2026-01-30T09:36:26.895+03:00  INFO 17892 --- [VacationCalculator] [main] r.g.V.service.CalcAmountService          : Service level: method calcVacAmount is start
2026-01-30T09:36:26.896+03:00  INFO 17892 --- [VacationCalculator] [main] r.g.V.service.CalcAmountService          : Service level: method calcVacAmount - calculation with three parameters finished!
2026-01-30T09:36:26.900+03:00  INFO 17892 --- [VacationCalculator] [main] r.g.V.service.CalcAmountService          : Service level: method calcVacAmount is start
2026-01-30T09:36:26.902+03:00  INFO 17892 --- [VacationCalculator] [main] r.g.V.service.CalcAmountService          : Service level: method calcVacAmount - calculation with three parameters finished!
2026-01-30T09:36:26.908+03:00  INFO 17892 --- [VacationCalculator] [main] r.g.V.service.CalcAmountService          : Service level: method calcVacAmount is start
2026-01-30T09:36:26.908+03:00  INFO 17892 --- [VacationCalculator] [main] r.g.V.service.CalcAmountService          : Service level: method calcVacAmount - calculation with three parameters finished!
2026-01-30T09:36:26.914+03:00  INFO 17892 --- [VacationCalculator] [main] r.g.V.service.CalcAmountService          : Service level: method calcVacAmount is start
2026-01-30T09:36:26.914+03:00  INFO 17892 --- [VacationCalculator] [main] r.g.V.service.CalcAmountService          : Service level: method calcVacAmount - calculation with three parameters finished!
2026-01-30T09:36:26.921+03:00  INFO 17892 --- [VacationCalculator] [main] r.g.V.service.CalcAmountService          : Service level: method calcVacAmount is start
2026-01-30T09:36:26.921+03:00  INFO 17892 --- [VacationCalculator] [main] r.g.V.service.CalcAmountService          : Service level: method calcVacAmount - calculation with three parameters finished!
2026-01-30T09:36:26.926+03:00  INFO 17892 --- [VacationCalculator] [main] r.g.V.service.CalcAmountService          : Service level: method calcVacAmount is start
2026-01-30T09:36:26.927+03:00  INFO 17892 --- [VacationCalculator] [main] r.g.V.service.CalcAmountService          : Service level: method calcVacAmount - calculation with three parameters finished!
2026-01-30T09:36:26.934+03:00  INFO 17892 --- [VacationCalculator] [main] r.g.V.service.CalcAmountService          : Service level: method calcVacAmount is start
2026-01-30T09:36:26.935+03:00  INFO 17892 --- [VacationCalculator] [main] r.g.V.service.CalcAmountService          : Service level: method calcVacAmount - calculation with three parameters finished!
